<?xml version="1.0" encoding="UTF-8"?>
<!-- Generated by org.testng.reporters.JUnitReportReporter -->
<testsuite hostname="Aiazs-MacBook-Pro.local" failures="0" tests="5" name="pageTests.LoginTests2" time="67.865" errors="0" timestamp="12 Oct 2021 13:07:41 GMT" skipped="0">
  <testcase classname="pageTests.LoginTests2" name="wrongLoginTest2x" time="17.002"/>
  <testcase classname="pageTests.LoginTests2" name="loginTest2x" time="7.174"/>
  <testcase classname="pageTests.LoginTests2" name="loginTestx" time="8.661"/>
  <testcase classname="pageTests.LoginTests2" name="wrongLoginTestx" time="16.990"/>
  <testcase classname="pageTests.LoginTests2" name="wrongLoginTest1x" time="18.038"/>
</testsuite> <!-- pageTests.LoginTests2 -->
