<?xml version="1.0" encoding="UTF-8"?>
<!-- Generated by org.testng.reporters.JUnitReportReporter -->
<testsuite hostname="Aiazs-MacBook-Pro.local" failures="0" tests="4" name="pageTests.PlaylistTests" time="40.984" errors="0" timestamp="12 Oct 2021 13:07:41 GMT" skipped="0">
  <testcase classname="pageTests.PlaylistTests" name="renamePlaylistTest2" time="10.547"/>
  <testcase classname="pageTests.PlaylistTests" name="createPlaylistTest2" time="9.276"/>
  <testcase classname="pageTests.PlaylistTests" name="createPlaylistTest" time="11.119"/>
  <testcase classname="pageTests.PlaylistTests" name="renamePlaylistTest" time="10.042"/>
</testsuite> <!-- pageTests.PlaylistTests -->
