<?xml version="1.0" encoding="UTF-8"?>
<!-- Generated by org.testng.reporters.JUnitReportReporter -->
<testsuite hostname="Aiazs-MacBook-Pro.local" failures="0" tests="6" name="pageTests.PlaylistTests2" time="59.157" errors="0" timestamp="12 Oct 2021 13:07:41 GMT" skipped="2">
  <testcase classname="pageTests.PlaylistTests2" name="renamePlaylistTestx" time="11.163"/>
  <testcase classname="pageTests.PlaylistTests2" name="createPlaylistTest2x" time="9.286">
    <skipped/>
  </testcase> <!-- createPlaylistTest2x -->
  <testcase classname="pageTests.PlaylistTests2" name="createPlaylistTest2x" time="9.258">
    <skipped/>
  </testcase> <!-- createPlaylistTest2x -->
  <testcase classname="pageTests.PlaylistTests2" name="createPlaylistTest2x" time="9.069"/>
  <testcase classname="pageTests.PlaylistTests2" name="renamePlaylistTest2x" time="10.424"/>
  <testcase classname="pageTests.PlaylistTests2" name="createPlaylistTestx" time="9.957"/>
</testsuite> <!-- pageTests.PlaylistTests2 -->
